
lmmsym v0.1.1: a simple simulator for GWAS data with population structure
Author: Saul Pierotti

*** Parameters ***
seed = 1
n_snps_rand = 1000
n_snps_fixed = 5
n_populations = 2
rand_snp_freq = 0.2,0.8
fixed_snp_freq = 0.8,0.2
n_samples = 1500,500
beta_fixed = 0.3,0,0,0,0
intercept = 2
ploidy = 2
heritability = 0.8
variance_scale = 2
n_qcov = 2
beta_qcov = 2,-3
mean_qcov = -2,3
sd_qcov = 0.2,0.3
n_cov = 2
n_levels_cov = 2,3
beta_cov = 3,5,2
out = 20230920_171532
help = FALSE
***

Validating parameters
Generating random effects SNPs
Generating fixed effects SNPs
Scaling random effect SNPs
Computing relatedness matrix
Building random effect
Building error vector
Building covariates
Building final design matrix
Building fixed effects vector
Building phenotype
Estimating variance components...

*** It is important that the following estimates are accurate ***
h2 realised: 0.78 true: 0.8
Genetic variance realised: 1.55 true: 1.6
Residual variance realised: 0.43 true: 0.4
***

Decorrelating
Fitting mixed model

*** It is important that the following estimates are accurate ***
Mixed model
Intercept estimated: 2.40106362865429 true: 2
Slope estimated SNP 1: 0.34918829044343 true: 0.3
Slope estimated SNP 2: 0.0442837777444562 true: 0
Slope estimated SNP 3: -0.0262767237757949 true: 0
Slope estimated SNP 4: -0.00470593200463798 true: 0
Slope estimated SNP 5: -0.0131386305684686 true: 0
***

Fitting linear model

*** These estimates are expected to be inaccurate ***
Linear model
Intercept estimated: 1.82820686927218 true: 2
Slope estimated SNP 1: 0.584118280156848 true: 0.3
Slope estimated SNP 2: 0.191690870669298 true: 0
Slope estimated SNP 3: 0.167261216479075 true: 0
Slope estimated SNP 4: 0.21101525710913 true: 0
Slope estimated SNP 5: 0.160533916072988 true: 0
***

Saving relatedness matrix heatmap
Saving VCF of the genotypes
Saving phenotype file
Saving covariate file
Saving quantitative covariate file
